<?xml version="1.0" encoding="UTF-8"?>
<testsuite xmlns:xsi="http://www.w3.org/2001/XMLSchema-instance" xsi:noNamespaceSchemaLocation="https://maven.apache.org/surefire/maven-surefire-plugin/xsd/surefire-test-report.xsd" name="stepdefs.RunCukeTest" time="23.35" tests="9" errors="0" skipped="0" failures="0">
  <properties>
[...]
</properties>
  <testcase name="Given I am already on facebook page" classname="Scenario: as a user I want to register account on facebook" time="0"/>
  <testcase name="When I set first name and last name" classname="Scenario: as a user I want to register account on facebook" time="0"/>
  <testcase name="And I set email and confirmation email" classname="Scenario: as a user I want to register account on facebook" time="0"/>
  <testcase name="And I enter password for account registered" classname="Scenario: as a user I want to register account on facebook" time="0.001"/>
  <testcase name="And I set my birthdate" classname="Scenario: as a user I want to register account on facebook" time="0"/>
  <testcase name="And I choose my gender as &quot;Laki-laki&quot;" classname="Scenario: as a user I want to register account on facebook" time="0"/>
  <testcase name="And I click button Daftar" classname="Scenario: as a user I want to register account on facebook" time="0"/>
  <testcase name="Then I see confirmation page" classname="Scenario: as a user I want to register account on facebook" time="0"/>
  <testcase name="Scenario: as a user I want to register account on facebook" classname="Scenario: as a user I want to register account on facebook" time="1.979"/>
</testsuite>