{
  "uid" : "837ccbdc0c2f1f1e",
  "name" : "as a user I want to register account on facebook",
  "fullName" : "Register Account Facebook: as a user I want to register account on facebook",
  "historyId" : "f6baf9ee7071be56f127e9f35050c828",
  "time" : {
    "start" : 1574634703358,
    "stop" : 1574634713602,
    "duration" : 10244
  },
  "status" : "broken",
  "statusMessage" : "session not created: This version of ChromeDriver only supports Chrome version 75\nBuild info: version: '3.4.0', revision: 'unknown', time: 'unknown'\nSystem info: host: 'LPT388s-MacBook-Pro.local', ip: 'fe80:0:0:0:14e9:297d:bed0:bb60%en0', os.name: 'Mac OS X', os.arch: 'x86_64', os.version: '10.13.4', java.version: '1.8.0_222'\nDriver info: driver.version: ChromeDriver\nremote stacktrace: 0   chromedriver                        0x000000010b2678e9 chromedriver + 3594473\n1   chromedriver                        0x000000010b1f7543 chromedriver + 3134787\n2   chromedriver                        0x000000010afa329f chromedriver + 692895\n3   chromedriver                        0x000000010af1172b chromedriver + 96043\n4   chromedriver                        0x000000010af0d7d8 chromedriver + 79832\n5   chromedriver                        0x000000010af396db chromedriver + 259803\n6   chromedriver                        0x000000010af36d13 chromedriver + 249107\n7   chromedriver                        0x000000010af1378a chromedriver + 104330\n8   chromedriver                        0x000000010af147d5 chromedriver + 108501\n9   chromedriver                        0x000000010b226555 chromedriver + 3327317\n10  chromedriver                        0x000000010b231e60 chromedriver + 3374688\n11  chromedriver                        0x000000010b231bf8 chromedriver + 3374072\n12  chromedriver                        0x000000010b205d39 chromedriver + 3194169\n13  chromedriver                        0x000000010b2326d8 chromedriver + 3376856\n14  chromedriver                        0x000000010b219f27 chromedriver + 3276583\n15  chromedriver                        0x000000010b24f064 chromedriver + 3493988\n16  chromedriver                        0x000000010b26d617 chromedriver + 3618327\n17  libsystem_pthread.dylib             0x00007fff710e5661 _pthread_body + 340\n18  libsystem_pthread.dylib             0x00007fff710e550d _pthread_body + 0\n19  libsystem_pthread.dylib             0x00007fff710e4bf9 thread_start + 13\n",
  "statusTrace" : "org.openqa.selenium.SessionNotCreatedException: session not created: This version of ChromeDriver only supports Chrome version 75\nBuild info: version: '3.4.0', revision: 'unknown', time: 'unknown'\nSystem info: host: 'LPT388s-MacBook-Pro.local', ip: 'fe80:0:0:0:14e9:297d:bed0:bb60%en0', os.name: 'Mac OS X', os.arch: 'x86_64', os.version: '10.13.4', java.version: '1.8.0_222'\nDriver info: driver.version: ChromeDriver\nremote stacktrace: 0   chromedriver                        0x000000010b2678e9 chromedriver + 3594473\n1   chromedriver                        0x000000010b1f7543 chromedriver + 3134787\n2   chromedriver                        0x000000010afa329f chromedriver + 692895\n3   chromedriver                        0x000000010af1172b chromedriver + 96043\n4   chromedriver                        0x000000010af0d7d8 chromedriver + 79832\n5   chromedriver                        0x000000010af396db chromedriver + 259803\n6   chromedriver                        0x000000010af36d13 chromedriver + 249107\n7   chromedriver                        0x000000010af1378a chromedriver + 104330\n8   chromedriver                        0x000000010af147d5 chromedriver + 108501\n9   chromedriver                        0x000000010b226555 chromedriver + 3327317\n10  chromedriver                        0x000000010b231e60 chromedriver + 3374688\n11  chromedriver                        0x000000010b231bf8 chromedriver + 3374072\n12  chromedriver                        0x000000010b205d39 chromedriver + 3194169\n13  chromedriver                        0x000000010b2326d8 chromedriver + 3376856\n14  chromedriver                        0x000000010b219f27 chromedriver + 3276583\n15  chromedriver                        0x000000010b24f064 chromedriver + 3493988\n16  chromedriver                        0x000000010b26d617 chromedriver + 3618327\n17  libsystem_pthread.dylib             0x00007fff710e5661 _pthread_body + 340\n18  libsystem_pthread.dylib             0x00007fff710e550d _pthread_body + 0\n19  libsystem_pthread.dylib             0x00007fff710e4bf9 thread_start + 13\n\n\tat sun.reflect.NativeConstructorAccessorImpl.newInstance0(Native Method)\n\tat sun.reflect.NativeConstructorAccessorImpl.newInstance(NativeConstructorAccessorImpl.java:62)\n\tat sun.reflect.DelegatingConstructorAccessorImpl.newInstance(DelegatingConstructorAccessorImpl.java:45)\n\tat java.lang.reflect.Constructor.newInstance(Constructor.java:423)\n\tat org.openqa.selenium.remote.W3CHandshakeResponse.lambda$new$0(W3CHandshakeResponse.java:57)\n\tat org.openqa.selenium.remote.W3CHandshakeResponse.lambda$getResponseFunction$2(W3CHandshakeResponse.java:104)\n\tat org.openqa.selenium.remote.ProtocolHandshake.lambda$createSession$22(ProtocolHandshake.java:365)\n\tat java.util.stream.ReferencePipeline$3$1.accept(ReferencePipeline.java:193)\n\tat java.util.Spliterators$ArraySpliterator.tryAdvance(Spliterators.java:958)\n\tat java.util.stream.ReferencePipeline.forEachWithCancel(ReferencePipeline.java:126)\n\tat java.util.stream.AbstractPipeline.copyIntoWithCancel(AbstractPipeline.java:499)\n\tat java.util.stream.AbstractPipeline.copyInto(AbstractPipeline.java:486)\n\tat java.util.stream.AbstractPipeline.wrapAndCopyInto(AbstractPipeline.java:472)\n\tat java.util.stream.FindOps$FindOp.evaluateSequential(FindOps.java:152)\n\tat java.util.stream.AbstractPipeline.evaluate(AbstractPipeline.java:234)\n\tat java.util.stream.ReferencePipeline.findFirst(ReferencePipeline.java:531)\n\tat org.openqa.selenium.remote.ProtocolHandshake.createSession(ProtocolHandshake.java:368)\n\tat org.openqa.selenium.remote.ProtocolHandshake.createSession(ProtocolHandshake.java:159)\n\tat org.openqa.selenium.remote.HttpCommandExecutor.execute(HttpCommandExecutor.java:142)\n\tat org.openqa.selenium.remote.service.DriverCommandExecutor.execute(DriverCommandExecutor.java:82)\n\tat org.openqa.selenium.remote.RemoteWebDriver.execute(RemoteWebDriver.java:637)\n\tat org.openqa.selenium.remote.RemoteWebDriver.startSession(RemoteWebDriver.java:250)\n\tat org.openqa.selenium.remote.RemoteWebDriver.startSession(RemoteWebDriver.java:236)\n\tat org.openqa.selenium.remote.RemoteWebDriver.<init>(RemoteWebDriver.java:137)\n\tat org.openqa.selenium.chrome.ChromeDriver.<init>(ChromeDriver.java:184)\n\tat com.facebook.automation.FacebookAutomation.environment.ChromeDriverManager.createDriver(ChromeDriverManager.java:57)\n\tat com.facebook.automation.FacebookAutomation.environment.DriverManager.getDriver(DriverManager.java:24)\n\tat com.facebook.automation.FacebookAutomation.methods.BrowserUtils.navigateTo(BrowserUtils.java:77)\n\tat stepdefs.RegisterAccFacebookStepDefinition.i_am_already_on_facebook_page(RegisterAccFacebookStepDefinition.java:33)\n\tat ✽.Given I am already on facebook page(features/RegisterAccFacebook.feature:5)\n",
  "flaky" : false,
  "newFailed" : false,
  "beforeStages" : [ ],
  "testStage" : {
    "status" : "broken",
    "statusMessage" : "session not created: This version of ChromeDriver only supports Chrome version 75\nBuild info: version: '3.4.0', revision: 'unknown', time: 'unknown'\nSystem info: host: 'LPT388s-MacBook-Pro.local', ip: 'fe80:0:0:0:14e9:297d:bed0:bb60%en0', os.name: 'Mac OS X', os.arch: 'x86_64', os.version: '10.13.4', java.version: '1.8.0_222'\nDriver info: driver.version: ChromeDriver\nremote stacktrace: 0   chromedriver                        0x000000010b2678e9 chromedriver + 3594473\n1   chromedriver                        0x000000010b1f7543 chromedriver + 3134787\n2   chromedriver                        0x000000010afa329f chromedriver + 692895\n3   chromedriver                        0x000000010af1172b chromedriver + 96043\n4   chromedriver                        0x000000010af0d7d8 chromedriver + 79832\n5   chromedriver                        0x000000010af396db chromedriver + 259803\n6   chromedriver                        0x000000010af36d13 chromedriver + 249107\n7   chromedriver                        0x000000010af1378a chromedriver + 104330\n8   chromedriver                        0x000000010af147d5 chromedriver + 108501\n9   chromedriver                        0x000000010b226555 chromedriver + 3327317\n10  chromedriver                        0x000000010b231e60 chromedriver + 3374688\n11  chromedriver                        0x000000010b231bf8 chromedriver + 3374072\n12  chromedriver                        0x000000010b205d39 chromedriver + 3194169\n13  chromedriver                        0x000000010b2326d8 chromedriver + 3376856\n14  chromedriver                        0x000000010b219f27 chromedriver + 3276583\n15  chromedriver                        0x000000010b24f064 chromedriver + 3493988\n16  chromedriver                        0x000000010b26d617 chromedriver + 3618327\n17  libsystem_pthread.dylib             0x00007fff710e5661 _pthread_body + 340\n18  libsystem_pthread.dylib             0x00007fff710e550d _pthread_body + 0\n19  libsystem_pthread.dylib             0x00007fff710e4bf9 thread_start + 13\n",
    "statusTrace" : "org.openqa.selenium.SessionNotCreatedException: session not created: This version of ChromeDriver only supports Chrome version 75\nBuild info: version: '3.4.0', revision: 'unknown', time: 'unknown'\nSystem info: host: 'LPT388s-MacBook-Pro.local', ip: 'fe80:0:0:0:14e9:297d:bed0:bb60%en0', os.name: 'Mac OS X', os.arch: 'x86_64', os.version: '10.13.4', java.version: '1.8.0_222'\nDriver info: driver.version: ChromeDriver\nremote stacktrace: 0   chromedriver                        0x000000010b2678e9 chromedriver + 3594473\n1   chromedriver                        0x000000010b1f7543 chromedriver + 3134787\n2   chromedriver                        0x000000010afa329f chromedriver + 692895\n3   chromedriver                        0x000000010af1172b chromedriver + 96043\n4   chromedriver                        0x000000010af0d7d8 chromedriver + 79832\n5   chromedriver                        0x000000010af396db chromedriver + 259803\n6   chromedriver                        0x000000010af36d13 chromedriver + 249107\n7   chromedriver                        0x000000010af1378a chromedriver + 104330\n8   chromedriver                        0x000000010af147d5 chromedriver + 108501\n9   chromedriver                        0x000000010b226555 chromedriver + 3327317\n10  chromedriver                        0x000000010b231e60 chromedriver + 3374688\n11  chromedriver                        0x000000010b231bf8 chromedriver + 3374072\n12  chromedriver                        0x000000010b205d39 chromedriver + 3194169\n13  chromedriver                        0x000000010b2326d8 chromedriver + 3376856\n14  chromedriver                        0x000000010b219f27 chromedriver + 3276583\n15  chromedriver                        0x000000010b24f064 chromedriver + 3493988\n16  chromedriver                        0x000000010b26d617 chromedriver + 3618327\n17  libsystem_pthread.dylib             0x00007fff710e5661 _pthread_body + 340\n18  libsystem_pthread.dylib             0x00007fff710e550d _pthread_body + 0\n19  libsystem_pthread.dylib             0x00007fff710e4bf9 thread_start + 13\n\n\tat sun.reflect.NativeConstructorAccessorImpl.newInstance0(Native Method)\n\tat sun.reflect.NativeConstructorAccessorImpl.newInstance(NativeConstructorAccessorImpl.java:62)\n\tat sun.reflect.DelegatingConstructorAccessorImpl.newInstance(DelegatingConstructorAccessorImpl.java:45)\n\tat java.lang.reflect.Constructor.newInstance(Constructor.java:423)\n\tat org.openqa.selenium.remote.W3CHandshakeResponse.lambda$new$0(W3CHandshakeResponse.java:57)\n\tat org.openqa.selenium.remote.W3CHandshakeResponse.lambda$getResponseFunction$2(W3CHandshakeResponse.java:104)\n\tat org.openqa.selenium.remote.ProtocolHandshake.lambda$createSession$22(ProtocolHandshake.java:365)\n\tat java.util.stream.ReferencePipeline$3$1.accept(ReferencePipeline.java:193)\n\tat java.util.Spliterators$ArraySpliterator.tryAdvance(Spliterators.java:958)\n\tat java.util.stream.ReferencePipeline.forEachWithCancel(ReferencePipeline.java:126)\n\tat java.util.stream.AbstractPipeline.copyIntoWithCancel(AbstractPipeline.java:499)\n\tat java.util.stream.AbstractPipeline.copyInto(AbstractPipeline.java:486)\n\tat java.util.stream.AbstractPipeline.wrapAndCopyInto(AbstractPipeline.java:472)\n\tat java.util.stream.FindOps$FindOp.evaluateSequential(FindOps.java:152)\n\tat java.util.stream.AbstractPipeline.evaluate(AbstractPipeline.java:234)\n\tat java.util.stream.ReferencePipeline.findFirst(ReferencePipeline.java:531)\n\tat org.openqa.selenium.remote.ProtocolHandshake.createSession(ProtocolHandshake.java:368)\n\tat org.openqa.selenium.remote.ProtocolHandshake.createSession(ProtocolHandshake.java:159)\n\tat org.openqa.selenium.remote.HttpCommandExecutor.execute(HttpCommandExecutor.java:142)\n\tat org.openqa.selenium.remote.service.DriverCommandExecutor.execute(DriverCommandExecutor.java:82)\n\tat org.openqa.selenium.remote.RemoteWebDriver.execute(RemoteWebDriver.java:637)\n\tat org.openqa.selenium.remote.RemoteWebDriver.startSession(RemoteWebDriver.java:250)\n\tat org.openqa.selenium.remote.RemoteWebDriver.startSession(RemoteWebDriver.java:236)\n\tat org.openqa.selenium.remote.RemoteWebDriver.<init>(RemoteWebDriver.java:137)\n\tat org.openqa.selenium.chrome.ChromeDriver.<init>(ChromeDriver.java:184)\n\tat com.facebook.automation.FacebookAutomation.environment.ChromeDriverManager.createDriver(ChromeDriverManager.java:57)\n\tat com.facebook.automation.FacebookAutomation.environment.DriverManager.getDriver(DriverManager.java:24)\n\tat com.facebook.automation.FacebookAutomation.methods.BrowserUtils.navigateTo(BrowserUtils.java:77)\n\tat stepdefs.RegisterAccFacebookStepDefinition.i_am_already_on_facebook_page(RegisterAccFacebookStepDefinition.java:33)\n\tat ✽.Given I am already on facebook page(features/RegisterAccFacebook.feature:5)\n",
    "steps" : [ {
      "name" : "Given  I am already on facebook page",
      "time" : {
        "start" : 1574634711213,
        "stop" : 1574634713593,
        "duration" : 2380
      },
      "status" : "failed",
      "steps" : [ ],
      "attachments" : [ ],
      "parameters" : [ ],
      "stepsCount" : 0,
      "attachmentsCount" : 0,
      "shouldDisplayMessage" : false,
      "hasContent" : false
    }, {
      "name" : "When  I set first name and last name",
      "time" : {
        "start" : 1574634713594,
        "stop" : 1574634713595,
        "duration" : 1
      },
      "status" : "skipped",
      "steps" : [ ],
      "attachments" : [ ],
      "parameters" : [ ],
      "stepsCount" : 0,
      "attachmentsCount" : 0,
      "shouldDisplayMessage" : false,
      "hasContent" : false
    }, {
      "name" : "And  I set email and confirmation email",
      "time" : {
        "start" : 1574634713595,
        "stop" : 1574634713595,
        "duration" : 0
      },
      "status" : "skipped",
      "steps" : [ ],
      "attachments" : [ ],
      "parameters" : [ ],
      "stepsCount" : 0,
      "attachmentsCount" : 0,
      "shouldDisplayMessage" : false,
      "hasContent" : false
    }, {
      "name" : "And  I enter password for account registered",
      "time" : {
        "start" : 1574634713596,
        "stop" : 1574634713596,
        "duration" : 0
      },
      "status" : "skipped",
      "steps" : [ ],
      "attachments" : [ ],
      "parameters" : [ ],
      "stepsCount" : 0,
      "attachmentsCount" : 0,
      "shouldDisplayMessage" : false,
      "hasContent" : false
    }, {
      "name" : "And  I set my birthdate",
      "time" : {
        "start" : 1574634713596,
        "stop" : 1574634713596,
        "duration" : 0
      },
      "status" : "skipped",
      "steps" : [ ],
      "attachments" : [ ],
      "parameters" : [ ],
      "stepsCount" : 0,
      "attachmentsCount" : 0,
      "shouldDisplayMessage" : false,
      "hasContent" : false
    }, {
      "name" : "And  I choose my gender as \"Laki-laki\"",
      "time" : {
        "start" : 1574634713598,
        "stop" : 1574634713598,
        "duration" : 0
      },
      "status" : "skipped",
      "steps" : [ ],
      "attachments" : [ ],
      "parameters" : [ ],
      "stepsCount" : 0,
      "attachmentsCount" : 0,
      "shouldDisplayMessage" : false,
      "hasContent" : false
    }, {
      "name" : "And  I click button Daftar",
      "time" : {
        "start" : 1574634713598,
        "stop" : 1574634713599,
        "duration" : 1
      },
      "status" : "skipped",
      "steps" : [ ],
      "attachments" : [ ],
      "parameters" : [ ],
      "stepsCount" : 0,
      "attachmentsCount" : 0,
      "shouldDisplayMessage" : false,
      "hasContent" : false
    }, {
      "name" : "Then  I see confirmation page",
      "time" : {
        "start" : 1574634713599,
        "stop" : 1574634713600,
        "duration" : 1
      },
      "status" : "skipped",
      "steps" : [ ],
      "attachments" : [ ],
      "parameters" : [ ],
      "stepsCount" : 0,
      "attachmentsCount" : 0,
      "shouldDisplayMessage" : false,
      "hasContent" : false
    } ],
    "attachments" : [ ],
    "parameters" : [ ],
    "stepsCount" : 8,
    "attachmentsCount" : 0,
    "shouldDisplayMessage" : true,
    "hasContent" : true
  },
  "afterStages" : [ ],
  "labels" : [ {
    "name" : "feature",
    "value" : "Register Account Facebook"
  }, {
    "name" : "story",
    "value" : "as a user I want to register account on facebook"
  }, {
    "name" : "tag",
    "value" : "Signup"
  }, {
    "name" : "host",
    "value" : "LPT388s-MacBook-Pro.local"
  }, {
    "name" : "thread",
    "value" : "43000@LPT388s-MacBook-Pro.local.main(1)"
  }, {
    "name" : "package",
    "value" : "Register Account Facebook"
  }, {
    "name" : "suite",
    "value" : "Register Account Facebook"
  }, {
    "name" : "testClass",
    "value" : "as a user I want to register account on facebook"
  }, {
    "name" : "framework",
    "value" : "cucumberjvm"
  }, {
    "name" : "language",
    "value" : "java"
  }, {
    "name" : "resultFormat",
    "value" : "allure2"
  } ],
  "parameters" : [ ],
  "links" : [ ],
  "hidden" : true,
  "retry" : true,
  "extra" : {
    "categories" : [ ],
    "tags" : [ "Signup" ]
  },
  "source" : "837ccbdc0c2f1f1e.json",
  "parameterValues" : [ ]
}